0 info it worked if it ends with ok
1 verbose cli [ 'node', '/usr/local/bin/npm', 'install', '-g', 'javascripting' ]
2 info using npm@2.10.1
3 info using node@v0.12.4
4 verbose install initial load of /usr/local/lib/package.json
5 verbose readDependencies loading dependencies from /usr/local/lib/package.json
6 silly cache add args [ 'javascripting', null ]
7 verbose cache add spec javascripting
8 silly cache add parsed spec { raw: 'javascripting',
8 silly cache add   scope: null,
8 silly cache add   name: 'javascripting',
8 silly cache add   rawSpec: '',
8 silly cache add   spec: '*',
8 silly cache add   type: 'range' }
9 silly addNamed javascripting@*
10 verbose addNamed "*" is a valid semver range for javascripting
11 silly addNameRange { name: 'javascripting', range: '*', hasData: false }
12 silly mapToRegistry name javascripting
13 silly mapToRegistry using default registry
14 silly mapToRegistry registry https://registry.npmjs.org/
15 silly mapToRegistry uri https://registry.npmjs.org/javascripting
16 verbose addNameRange registry:https://registry.npmjs.org/javascripting not in flight; fetching
17 verbose request uri https://registry.npmjs.org/javascripting
18 verbose request no auth needed
19 info attempt registry request try #1 at 16:52:12
20 verbose request id fb2d577c2f02349b
21 http request GET https://registry.npmjs.org/javascripting
22 http 200 https://registry.npmjs.org/javascripting
23 silly get cb [ 200,
23 silly get   { server: 'CouchDB/1.5.0 (Erlang OTP/R16B03)',
23 silly get     etag: '"9G3G3DHOO972Y4O3BM5TSHC5"',
23 silly get     'content-type': 'application/json',
23 silly get     'cache-control': 'max-age=60',
23 silly get     'content-length': '29558',
23 silly get     'accept-ranges': 'bytes',
23 silly get     date: 'Mon, 01 Jun 2015 08:52:06 GMT',
23 silly get     via: '1.1 varnish',
23 silly get     age: '0',
23 silly get     connection: 'keep-alive',
23 silly get     'x-served-by': 'cache-fra1227-FRA',
23 silly get     'x-cache': 'HIT',
23 silly get     'x-cache-hits': '1',
23 silly get     'x-timer': 'S1433148725.944097,VS0,VE709',
23 silly get     vary: 'Accept' } ]
24 verbose get saving javascripting to /Users/wazi/.npm/registry.npmjs.org/javascripting/.cache.json
25 silly addNameRange number 2 { name: 'javascripting', range: '*', hasData: true }
26 silly addNameRange versions [ 'javascripting',
26 silly addNameRange   [ '1.0.0',
26 silly addNameRange     '1.0.1',
26 silly addNameRange     '1.1.0',
26 silly addNameRange     '1.1.1',
26 silly addNameRange     '1.1.2',
26 silly addNameRange     '1.1.3',
26 silly addNameRange     '1.2.0',
26 silly addNameRange     '1.3.0',
26 silly addNameRange     '1.4.0',
26 silly addNameRange     '1.5.0',
26 silly addNameRange     '1.6.0',
26 silly addNameRange     '1.7.0',
26 silly addNameRange     '1.8.0',
26 silly addNameRange     '1.9.0',
26 silly addNameRange     '1.9.1',
26 silly addNameRange     '1.10.0',
26 silly addNameRange     '1.10.1',
26 silly addNameRange     '1.10.2',
26 silly addNameRange     '1.10.3',
26 silly addNameRange     '1.11.0',
26 silly addNameRange     '1.11.1',
26 silly addNameRange     '1.12.0',
26 silly addNameRange     '2.0.0',
26 silly addNameRange     '2.0.1',
26 silly addNameRange     '2.0.2',
26 silly addNameRange     '2.0.3' ] ]
27 silly addNamed javascripting@2.0.3
28 verbose addNamed "2.0.3" is a plain semver version for javascripting
29 silly mapToRegistry name javascripting
30 silly mapToRegistry using default registry
31 silly mapToRegistry registry https://registry.npmjs.org/
32 silly mapToRegistry uri https://registry.npmjs.org/javascripting
33 verbose addRemoteTarball https://registry.npmjs.org/javascripting/-/javascripting-2.0.3.tgz not in flight; adding
34 verbose addRemoteTarball [ 'https://registry.npmjs.org/javascripting/-/javascripting-2.0.3.tgz',
34 verbose addRemoteTarball   '01fa7d7ac4b1dbd8d82d7bad74022b2703109d1c' ]
35 info retry fetch attempt 1 at 16:52:14
36 info attempt registry request try #1 at 16:52:14
37 http fetch GET https://registry.npmjs.org/javascripting/-/javascripting-2.0.3.tgz
38 http fetch 200 https://registry.npmjs.org/javascripting/-/javascripting-2.0.3.tgz
39 silly fetchAndShaCheck shasum 01fa7d7ac4b1dbd8d82d7bad74022b2703109d1c
40 verbose addTmpTarball /var/folders/vd/w_6fn_yj1b18jn5w8d6pxjc40000gq/T/npm-9412-a65e8a11/registry.npmjs.org/javascripting/-/javascripting-2.0.3.tgz not in flight; adding
41 verbose addTmpTarball already have metadata; skipping unpack for javascripting@2.0.3
42 silly cache afterAdd javascripting@2.0.3
43 verbose afterAdd /Users/wazi/.npm/javascripting/2.0.3/package/package.json not in flight; writing
44 verbose afterAdd /Users/wazi/.npm/javascripting/2.0.3/package/package.json written
45 silly install resolved [ { name: 'javascripting',
45 silly install resolved     description: 'Learn JavaScript by adventuring around in the terminal.',
45 silly install resolved     version: '2.0.3',
45 silly install resolved     repository: { url: 'git://github.com/sethvincent/javascripting.git' },
45 silly install resolved     author: { name: 'sethvincent' },
45 silly install resolved     bin: { javascripting: 'index.js' },
45 silly install resolved     preferGlobal: true,
45 silly install resolved     dependencies:
45 silly install resolved      { 'cli-md': '^0.1.0',
45 silly install resolved        colors: '^1.0.3',
45 silly install resolved        diff: '^1.2.1',
45 silly install resolved        'workshopper-adventure': '^3.4.5' },
45 silly install resolved     license: 'MIT',
45 silly install resolved     gitHead: '60d101d82fd4bbab882affe5143d944b055d52a3',
45 silly install resolved     bugs: { url: 'https://github.com/sethvincent/javascripting/issues' },
45 silly install resolved     homepage: 'https://github.com/sethvincent/javascripting',
45 silly install resolved     _id: 'javascripting@2.0.3',
45 silly install resolved     scripts: {},
45 silly install resolved     _shasum: '01fa7d7ac4b1dbd8d82d7bad74022b2703109d1c',
45 silly install resolved     _from: 'javascripting@*',
45 silly install resolved     _npmVersion: '2.7.5',
45 silly install resolved     _nodeVersion: '0.10.35',
45 silly install resolved     _npmUser: { name: 'sethvincent', email: 'sethvincent@gmail.com' },
45 silly install resolved     maintainers: [ [Object] ],
45 silly install resolved     dist:
45 silly install resolved      { shasum: '01fa7d7ac4b1dbd8d82d7bad74022b2703109d1c',
45 silly install resolved        tarball: 'http://registry.npmjs.org/javascripting/-/javascripting-2.0.3.tgz' },
45 silly install resolved     directories: {},
45 silly install resolved     _resolved: 'https://registry.npmjs.org/javascripting/-/javascripting-2.0.3.tgz' } ]
46 info install javascripting@2.0.3 into /usr/local/lib
47 info installOne javascripting@2.0.3
48 verbose installOne of javascripting to /usr/local/lib not in flight; installing
49 verbose lock using /Users/wazi/.npm/_locks/javascripting-bed8ec56244b9119.lock for /usr/local/lib/node_modules/javascripting
50 silly install write writing javascripting 2.0.3 to /usr/local/lib/node_modules/javascripting
51 verbose unbuild lib/node_modules/javascripting
52 silly gentlyRm /usr/local/lib/node_modules/javascripting is being purged from base /usr/local
53 verbose gentlyRm don't care about contents; nuking /usr/local/lib/node_modules/javascripting
54 verbose tar unpack /Users/wazi/.npm/javascripting/2.0.3/package.tgz
55 verbose tar unpacking to /usr/local/lib/node_modules/javascripting
56 silly gentlyRm /usr/local/lib/node_modules/javascripting is being purged
57 verbose gentlyRm don't care about contents; nuking /usr/local/lib/node_modules/javascripting
58 silly gunzTarPerm modes [ '755', '644' ]
59 error tar.unpack untar error /Users/wazi/.npm/javascripting/2.0.3/package.tgz
60 verbose unlock done using /Users/wazi/.npm/_locks/javascripting-bed8ec56244b9119.lock for /usr/local/lib/node_modules/javascripting
61 verbose fstream_path /usr/local/lib/node_modules/javascripting
62 verbose fstream_type Directory
63 verbose fstream_class DirWriter
64 verbose stack Error: EACCES, mkdir '/usr/local/lib/node_modules/javascripting'
64 verbose stack     at Error (native)
65 verbose fstream_stack /usr/local/lib/node_modules/npm/node_modules/fstream/lib/dir-writer.js:35:25
65 verbose fstream_stack /usr/local/lib/node_modules/npm/node_modules/mkdirp/index.js:47:53
65 verbose fstream_stack FSReqWrap.oncomplete (fs.js:95:15)
66 verbose cwd /Users/wazi/code/github/ex/ex_node
67 error Darwin 14.1.0
68 error argv "node" "/usr/local/bin/npm" "install" "-g" "javascripting"
69 error node v0.12.4
70 error npm  v2.10.1
71 error path /usr/local/lib/node_modules/javascripting
72 error code EACCES
73 error errno -13
74 error Error: EACCES, mkdir '/usr/local/lib/node_modules/javascripting'
74 error     at Error (native)
74 error  { [Error: EACCES, mkdir '/usr/local/lib/node_modules/javascripting']
74 error   errno: -13,
74 error   code: 'EACCES',
74 error   path: '/usr/local/lib/node_modules/javascripting',
74 error   fstream_type: 'Directory',
74 error   fstream_path: '/usr/local/lib/node_modules/javascripting',
74 error   fstream_class: 'DirWriter',
74 error   fstream_stack:
74 error    [ '/usr/local/lib/node_modules/npm/node_modules/fstream/lib/dir-writer.js:35:25',
74 error      '/usr/local/lib/node_modules/npm/node_modules/mkdirp/index.js:47:53',
74 error      'FSReqWrap.oncomplete (fs.js:95:15)' ] }
75 error Please try running this command again as root/Administrator.
76 verbose exit [ -13, true ]
77 verbose unbuild lib/node_modules/javascripting
78 silly gentlyRm /usr/local/lib/node_modules/javascripting is being purged from base /usr/local
79 verbose gentlyRm don't care about contents; nuking /usr/local/lib/node_modules/javascripting
