0 info it worked if it ends with ok
1 verbose cli [ 'node', '/usr/local/bin/npm', 'install', 'pomelo', '-g' ]
2 info using npm@2.10.1
3 info using node@v0.12.4
4 verbose install initial load of /usr/local/lib/package.json
5 verbose readDependencies loading dependencies from /usr/local/lib/package.json
6 silly cache add args [ 'pomelo', null ]
7 verbose cache add spec pomelo
8 silly cache add parsed spec { raw: 'pomelo',
8 silly cache add   scope: null,
8 silly cache add   name: 'pomelo',
8 silly cache add   rawSpec: '',
8 silly cache add   spec: '*',
8 silly cache add   type: 'range' }
9 silly addNamed pomelo@*
10 verbose addNamed "*" is a valid semver range for pomelo
11 silly addNameRange { name: 'pomelo', range: '*', hasData: false }
12 silly mapToRegistry name pomelo
13 silly mapToRegistry using default registry
14 silly mapToRegistry registry https://registry.npmjs.org/
15 silly mapToRegistry uri https://registry.npmjs.org/pomelo
16 verbose addNameRange registry:https://registry.npmjs.org/pomelo not in flight; fetching
17 verbose request uri https://registry.npmjs.org/pomelo
18 verbose request no auth needed
19 info attempt registry request try #1 at 12:05:37
20 verbose request id 16c2185d4061f948
21 verbose etag "1QI9RR5V4IV8CJRVJ6NWE5T3P"
22 http request GET https://registry.npmjs.org/pomelo
23 http 304 https://registry.npmjs.org/pomelo
24 silly get cb [ 304,
24 silly get   { date: 'Wed, 03 Jun 2015 04:05:27 GMT',
24 silly get     via: '1.1 varnish',
24 silly get     'cache-control': 'max-age=60',
24 silly get     etag: '"1QI9RR5V4IV8CJRVJ6NWE5T3P"',
24 silly get     age: '0',
24 silly get     connection: 'keep-alive',
24 silly get     'x-served-by': 'cache-fra1237-FRA',
24 silly get     'x-cache': 'MISS',
24 silly get     'x-cache-hits': '0',
24 silly get     'x-timer': 'S1433304327.324404,VS0,VE176',
24 silly get     vary: 'Accept' } ]
25 verbose etag https://registry.npmjs.org/pomelo from cache
26 verbose get saving pomelo to /Users/wazi/.npm/registry.npmjs.org/pomelo/.cache.json
27 silly addNameRange number 2 { name: 'pomelo', range: '*', hasData: true }
28 silly addNameRange versions [ 'pomelo',
28 silly addNameRange   [ '0.0.0',
28 silly addNameRange     '0.0.1',
28 silly addNameRange     '0.0.2',
28 silly addNameRange     '0.1.119',
28 silly addNameRange     '0.2.0',
28 silly addNameRange     '0.2.1',
28 silly addNameRange     '0.2.2',
28 silly addNameRange     '0.2.3',
28 silly addNameRange     '0.2.4',
28 silly addNameRange     '0.2.5',
28 silly addNameRange     '0.3.1',
28 silly addNameRange     '0.3.2',
28 silly addNameRange     '0.3.3',
28 silly addNameRange     '0.3.4',
28 silly addNameRange     '0.3.5',
28 silly addNameRange     '0.3.6',
28 silly addNameRange     '0.3.7',
28 silly addNameRange     '0.3.8',
28 silly addNameRange     '0.3.9',
28 silly addNameRange     '0.3.10',
28 silly addNameRange     '0.4.0',
28 silly addNameRange     '0.4.1',
28 silly addNameRange     '0.4.2',
28 silly addNameRange     '0.4.3',
28 silly addNameRange     '0.4.4',
28 silly addNameRange     '0.4.5',
28 silly addNameRange     '0.4.6',
28 silly addNameRange     '0.5.0',
28 silly addNameRange     '0.5.1',
28 silly addNameRange     '0.5.2',
28 silly addNameRange     '0.4.7',
28 silly addNameRange     '0.5.3',
28 silly addNameRange     '0.5.4',
28 silly addNameRange     '0.5.5',
28 silly addNameRange     '0.6.0',
28 silly addNameRange     '0.6.1',
28 silly addNameRange     '0.6.2',
28 silly addNameRange     '0.6.3',
28 silly addNameRange     '0.6.4',
28 silly addNameRange     '0.6.5',
28 silly addNameRange     '0.6.6',
28 silly addNameRange     '0.6.7',
28 silly addNameRange     '0.6.8',
28 silly addNameRange     '0.7.0',
28 silly addNameRange     '0.7.1',
28 silly addNameRange     '0.7.2',
28 silly addNameRange     '0.6.9',
28 silly addNameRange     '0.7.3',
28 silly addNameRange     '0.6.10',
28 silly addNameRange     '0.7.4',
28 silly addNameRange     '0.7.5',
28 silly addNameRange     '0.6.11',
28 silly addNameRange     '0.7.6',
28 silly addNameRange     '0.7.7',
28 silly addNameRange     '0.8.0',
28 silly addNameRange     '0.8.1',
28 silly addNameRange     '0.6.12',
28 silly addNameRange     '0.6.13',
28 silly addNameRange     '0.8.4',
28 silly addNameRange     '0.8.6',
28 silly addNameRange     '0.8.7',
28 silly addNameRange     '0.6.14',
28 silly addNameRange     '0.8.8',
28 silly addNameRange     '0.8.9',
28 silly addNameRange     '0.9.0',
28 silly addNameRange     '0.6.15',
28 silly addNameRange     '0.9.1',
28 silly addNameRange     '0.9.2',
28 silly addNameRange     '0.9.3',
28 silly addNameRange     '0.9.4',
28 silly addNameRange     '0.9.5',
28 silly addNameRange     '0.6.16',
28 silly addNameRange     '0.9.6',
28 silly addNameRange     '0.9.7',
28 silly addNameRange     '0.6.17',
28 silly addNameRange     '0.9.8',
28 silly addNameRange     '0.6.18',
28 silly addNameRange     '0.9.9',
28 silly addNameRange     '0.9.10',
28 silly addNameRange     '1.0.0-pre',
28 silly addNameRange     '1.0.0',
28 silly addNameRange     '1.0.1',
28 silly addNameRange     '1.0.2',
28 silly addNameRange     '0.6.19',
28 silly addNameRange     '1.0.3',
28 silly addNameRange     '1.0.4',
28 silly addNameRange     '0.6.20',
28 silly addNameRange     '1.1.0',
28 silly addNameRange     '1.1.1',
28 silly addNameRange     '1.1.2',
28 silly addNameRange     '0.6.21',
28 silly addNameRange     '1.1.3',
28 silly addNameRange     '1.1.4',
28 silly addNameRange     '1.1.5',
28 silly addNameRange     '1.1.6',
28 silly addNameRange     '1.1.7',
28 silly addNameRange     '1.1.8' ] ]
29 silly addNamed pomelo@1.1.8
30 verbose addNamed "1.1.8" is a plain semver version for pomelo
31 silly cache afterAdd pomelo@1.1.8
32 verbose afterAdd /Users/wazi/.npm/pomelo/1.1.8/package/package.json not in flight; writing
33 verbose afterAdd /Users/wazi/.npm/pomelo/1.1.8/package/package.json written
34 silly install resolved [ { name: 'pomelo',
34 silly install resolved     version: '1.1.8',
34 silly install resolved     private: false,
34 silly install resolved     homepage: 'https://github.com/NetEase/pomelo',
34 silly install resolved     repository:
34 silly install resolved      { type: 'git',
34 silly install resolved        url: 'git+https://github.com/NetEase/pomelo.git' },
34 silly install resolved     scripts: { test: 'grunt' },
34 silly install resolved     bugs: { url: 'https://github.com/NetEase/pomelo/issues' },
34 silly install resolved     licenses: [ [Object] ],
34 silly install resolved     keywords: [ 'pomelo', 'framework', 'game', 'web', 'realtime', 'server' ],
34 silly install resolved     dependencies:
34 silly install resolved      { 'socket.io': '0.9.16',
34 silly install resolved        async: '0.2.5',
34 silly install resolved        'seq-queue': '0.0.5',
34 silly install resolved        crc: '0.2.0',
34 silly install resolved        cliff: '0.1.8',
34 silly install resolved        mkdirp: '0.3.3',
34 silly install resolved        'pomelo-loader': '0.0.6',
34 silly install resolved        'pomelo-rpc': '0.4.9',
34 silly install resolved        'pomelo-protocol': '0.1.6',
34 silly install resolved        'pomelo-admin': '0.4.3',
34 silly install resolved        'pomelo-logger': '0.1.6',
34 silly install resolved        'pomelo-scheduler': '0.3.9',
34 silly install resolved        ws: '0.4.25',
34 silly install resolved        'pomelo-protobuf': '0.4.0',
34 silly install resolved        'node-bignumber': '1.2.1',
34 silly install resolved        commander: '2.0.0',
34 silly install resolved        mqtt: '0.3.9' },
34 silly install resolved     bin: { pomelo: './bin/pomelo' },
34 silly install resolved     devDependencies:
34 silly install resolved      { should: '3.3.1',
34 silly install resolved        mocha: '>=0.0.1',
34 silly install resolved        'socket.io-client': '0.9.16',
34 silly install resolved        muk: '>=0.0.1',
34 silly install resolved        grunt: '~0.4.2',
34 silly install resolved        'grunt-mocha-test': '0.8.x',
34 silly install resolved        'grunt-contrib-clean': '0.5.x',
34 silly install resolved        'grunt-contrib-jshint': '~0.8.0',
34 silly install resolved        blanket: '~1.1.6' },
34 silly install resolved     contributors:
34 silly install resolved      [ [Object],
34 silly install resolved        [Object],
34 silly install resolved        [Object],
34 silly install resolved        [Object],
34 silly install resolved        [Object],
34 silly install resolved        [Object],
34 silly install resolved        [Object] ],
34 silly install resolved     gitHead: 'e619eca43d01b27bea2f03a2b167bc8c169ba1a2',
34 silly install resolved     description: 'Pomelo is a fast, scalable game server framework for [node.js](http://nodejs.org). It provides the basic development framework and many related components, including libraries and tools. Pomelo is also suitable for real-time web applications; its distribu',
34 silly install resolved     _id: 'pomelo@1.1.8',
34 silly install resolved     _shasum: '761b1872eee2b4124b62f4444dcb65fe1a8863e1',
34 silly install resolved     _from: 'pomelo@*',
34 silly install resolved     _npmVersion: '1.4.28',
34 silly install resolved     _npmUser: { name: 'py8765', email: 'pengyang633@126.com' },
34 silly install resolved     maintainers:
34 silly install resolved      [ [Object],
34 silly install resolved        [Object],
34 silly install resolved        [Object],
34 silly install resolved        [Object],
34 silly install resolved        [Object],
34 silly install resolved        [Object],
34 silly install resolved        [Object],
34 silly install resolved        [Object] ],
34 silly install resolved     dist:
34 silly install resolved      { shasum: '761b1872eee2b4124b62f4444dcb65fe1a8863e1',
34 silly install resolved        tarball: 'http://registry.npmjs.org/pomelo/-/pomelo-1.1.8.tgz' },
34 silly install resolved     directories: {},
34 silly install resolved     _resolved: 'https://registry.npmjs.org/pomelo/-/pomelo-1.1.8.tgz',
34 silly install resolved     readme: 'ERROR: No README data found!' } ]
35 info install pomelo@1.1.8 into /usr/local/lib
36 info installOne pomelo@1.1.8
37 verbose installOne of pomelo to /usr/local/lib not in flight; installing
38 verbose lock using /Users/wazi/.npm/_locks/pomelo-800edce3e72ec1d1.lock for /usr/local/lib/node_modules/pomelo
39 silly install write writing pomelo 1.1.8 to /usr/local/lib/node_modules/pomelo
40 verbose unbuild lib/node_modules/pomelo
41 info preuninstall pomelo@1.1.8
42 info uninstall pomelo@1.1.8
43 verbose unbuild rmStuff pomelo@1.1.8 from /usr/local/lib/node_modules
44 silly gentlyRm /usr/local/bin/pomelo is being gently removed
45 silly gentlyRm verifying /usr/local is an npm working directory
46 silly gentlyRm containing path /usr/local is under npm's control, in /usr/local
47 silly gentlyRm deletion target /usr/local/bin/pomelo is under /usr/local
48 verbose gentlyRm vacuuming from /usr/local/bin/pomelo up to /usr/local
49 info postuninstall pomelo@1.1.8
50 silly gentlyRm /usr/local/lib/node_modules/pomelo is being purged from base /usr/local
51 verbose gentlyRm don't care about contents; nuking /usr/local/lib/node_modules/pomelo
52 silly vacuum-fs purging /usr/local/lib/node_modules/pomelo
53 verbose unlock done using /Users/wazi/.npm/_locks/pomelo-800edce3e72ec1d1.lock for /usr/local/lib/node_modules/pomelo
54 verbose stack Error: EACCES, rmdir '/usr/local/lib/node_modules/pomelo'
54 verbose stack     at Error (native)
55 verbose cwd /Users/wazi/code/github/ex/ex_node
56 error Darwin 14.1.0
57 error argv "node" "/usr/local/bin/npm" "install" "pomelo" "-g"
58 error node v0.12.4
59 error npm  v2.10.1
60 error path /usr/local/lib/node_modules/pomelo
61 error code EACCES
62 error errno -13
63 error Error: EACCES, rmdir '/usr/local/lib/node_modules/pomelo'
63 error     at Error (native)
63 error  { [Error: EACCES, rmdir '/usr/local/lib/node_modules/pomelo']
63 error   errno: -13,
63 error   code: 'EACCES',
63 error   path: '/usr/local/lib/node_modules/pomelo' }
64 error Please try running this command again as root/Administrator.
65 verbose exit [ -13, true ]
66 verbose unbuild lib/node_modules/pomelo
67 info preuninstall pomelo@1.1.8
68 info uninstall pomelo@1.1.8
69 verbose unbuild rmStuff pomelo@1.1.8 from /usr/local/lib/node_modules
70 silly gentlyRm /usr/local/bin/pomelo is being gently removed
71 silly gentlyRm verifying /usr/local is an npm working directory
72 silly gentlyRm containing path /usr/local is under npm's control, in /usr/local
73 silly gentlyRm deletion target /usr/local/bin/pomelo is under /usr/local
74 verbose gentlyRm vacuuming from /usr/local/bin/pomelo up to /usr/local
75 info postuninstall pomelo@1.1.8
76 silly gentlyRm /usr/local/lib/node_modules/pomelo is being purged from base /usr/local
77 verbose gentlyRm don't care about contents; nuking /usr/local/lib/node_modules/pomelo
78 silly vacuum-fs purging /usr/local/lib/node_modules/pomelo
79 error error rolling back Error: EACCES, rmdir '/usr/local/lib/node_modules/pomelo'
79 error error rolling back     at Error (native)
79 error error rolling back  { [Error: EACCES, rmdir '/usr/local/lib/node_modules/pomelo']
79 error error rolling back   errno: -13,
79 error error rolling back   code: 'EACCES',
79 error error rolling back   path: '/usr/local/lib/node_modules/pomelo' }
